This file contains any messages produced by compilers while
running configure, to aid debugging if configure makes a mistake.

It was created by alacarte configure 3.7.90, which was
generated by GNU Autoconf 2.69.  Invocation command line was

  $ ./configure --prefix=/usr --sysconfdir=/etc --localstatedir=/var

## --------- ##
## Platform. ##
## --------- ##

hostname = mauretania
uname -m = x86_64
uname -r = 3.11.6-1-ARCH
uname -s = Linux
uname -v = #1 SMP PREEMPT Fri Oct 18 23:22:36 CEST 2013

/usr/bin/uname -p = unknown
/bin/uname -X     = unknown

/bin/arch              = unknown
/usr/bin/arch -k       = unknown
/usr/convex/getsysinfo = unknown
/usr/bin/hostinfo      = unknown
/bin/machine           = unknown
/usr/bin/oslevel       = unknown
/bin/universe          = unknown

PATH: /usr/local/sbin
PATH: /usr/local/bin
PATH: /usr/bin
PATH: /usr/bin/site_perl
PATH: /usr/bin/vendor_perl
PATH: /usr/bin/core_perl


## ----------- ##
## Core tests. ##
## ----------- ##

configure:2244: checking whether make supports nested variables
configure:2261: result: yes
configure:2320: checking for a BSD-compatible install
configure:2388: result: /usr/bin/install -c
configure:2399: checking whether build environment is sane
configure:2454: result: yes
configure:2605: checking for a thread-safe mkdir -p
configure:2644: result: /usr/bin/mkdir -p
configure:2651: checking for gawk
configure:2667: found /usr/bin/gawk
configure:2678: result: gawk
configure:2689: checking whether make sets $(MAKE)
configure:2711: result: yes
configure:2798: checking whether to enable maintainer-specific portions of Makefiles
configure:2807: result: no
configure:2843: checking for style of include used by make
configure:2871: result: GNU
configure:2942: checking for gcc
configure:2958: found /usr/bin/gcc
configure:2969: result: gcc
configure:3198: checking for C compiler version
configure:3207: gcc --version >&5
gcc (GCC) 4.8.2
Copyright (C) 2013 Free Software Foundation, Inc.
This is free software; see the source for copying conditions.  There is NO
warranty; not even for MERCHANTABILITY or FITNESS FOR A PARTICULAR PURPOSE.

configure:3218: $? = 0
configure:3207: gcc -v >&5
Using built-in specs.
COLLECT_GCC=gcc
COLLECT_LTO_WRAPPER=/usr/lib/gcc/x86_64-unknown-linux-gnu/4.8.2/lto-wrapper
Target: x86_64-unknown-linux-gnu
Configured with: /build/gcc/src/gcc-4.8.2/configure --prefix=/usr --libdir=/usr/lib --libexecdir=/usr/lib --mandir=/usr/share/man --infodir=/usr/share/info --with-bugurl=https://bugs.archlinux.org/ --enable-languages=c,c++,ada,fortran,go,lto,objc,obj-c++ --enable-shared --enable-threads=posix --with-system-zlib --enable-__cxa_atexit --disable-libunwind-exceptions --enable-clocale=gnu --disable-libstdcxx-pch --enable-gnu-unique-object --enable-linker-build-id --enable-cloog-backend=isl --disable-cloog-version-check --enable-lto --enable-gold --enable-ld=default --enable-plugin --with-plugin-ld=ld.gold --with-linker-hash-style=gnu --disable-install-libiberty --disable-multilib --disable-libssp --disable-werror --enable-checking=release
Thread model: posix
gcc version 4.8.2 (GCC) 
configure:3218: $? = 0
configure:3207: gcc -V >&5
gcc: error: unrecognized command line option '-V'
gcc: fatal error: no input files
compilation terminated.
configure:3218: $? = 1
configure:3207: gcc -qversion >&5
gcc: error: unrecognized command line option '-qversion'
gcc: fatal error: no input files
compilation terminated.
configure:3218: $? = 1
configure:3238: checking whether the C compiler works
configure:3260: gcc -march=x86-64 -mtune=generic -O2 -pipe -fstack-protector --param=ssp-buffer-size=4 -D_FORTIFY_SOURCE=2 -Wl,-O1,--sort-common,--as-needed,-z,relro conftest.c  >&5
configure:3264: $? = 0
configure:3312: result: yes
configure:3315: checking for C compiler default output file name
configure:3317: result: a.out
configure:3323: checking for suffix of executables
configure:3330: gcc -o conftest -march=x86-64 -mtune=generic -O2 -pipe -fstack-protector --param=ssp-buffer-size=4 -D_FORTIFY_SOURCE=2 -Wl,-O1,--sort-common,--as-needed,-z,relro conftest.c  >&5
configure:3334: $? = 0
configure:3356: result: 
configure:3378: checking whether we are cross compiling
configure:3386: gcc -o conftest -march=x86-64 -mtune=generic -O2 -pipe -fstack-protector --param=ssp-buffer-size=4 -D_FORTIFY_SOURCE=2 -Wl,-O1,--sort-common,--as-needed,-z,relro conftest.c  >&5
configure:3390: $? = 0
configure:3397: ./conftest
configure:3401: $? = 0
configure:3416: result: no
configure:3421: checking for suffix of object files
configure:3443: gcc -c -march=x86-64 -mtune=generic -O2 -pipe -fstack-protector --param=ssp-buffer-size=4 -D_FORTIFY_SOURCE=2 conftest.c >&5
configure:3447: $? = 0
configure:3468: result: o
configure:3472: checking whether we are using the GNU C compiler
configure:3491: gcc -c -march=x86-64 -mtune=generic -O2 -pipe -fstack-protector --param=ssp-buffer-size=4 -D_FORTIFY_SOURCE=2 conftest.c >&5
configure:3491: $? = 0
configure:3500: result: yes
configure:3509: checking whether gcc accepts -g
configure:3529: gcc -c -g -D_FORTIFY_SOURCE=2 conftest.c >&5
configure:3529: $? = 0
configure:3570: result: yes
configure:3587: checking for gcc option to accept ISO C89
configure:3650: gcc  -c -march=x86-64 -mtune=generic -O2 -pipe -fstack-protector --param=ssp-buffer-size=4 -D_FORTIFY_SOURCE=2 conftest.c >&5
configure:3650: $? = 0
configure:3663: result: none needed
configure:3685: checking dependency style of gcc
configure:3796: result: none
configure:3817: checking how to run the C preprocessor
configure:3848: gcc -E -D_FORTIFY_SOURCE=2 conftest.c
In file included from /usr/include/limits.h:25:0,
                 from /usr/lib/gcc/x86_64-unknown-linux-gnu/4.8.2/include-fixed/limits.h:168,
                 from /usr/lib/gcc/x86_64-unknown-linux-gnu/4.8.2/include-fixed/syslimits.h:7,
                 from /usr/lib/gcc/x86_64-unknown-linux-gnu/4.8.2/include-fixed/limits.h:34,
                 from conftest.c:13:
/usr/include/features.h:327:4: warning: #warning _FORTIFY_SOURCE requires compiling with optimization (-O) [-Wcpp]
 #  warning _FORTIFY_SOURCE requires compiling with optimization (-O)
    ^
configure:3848: $? = 0
configure:3862: gcc -E -D_FORTIFY_SOURCE=2 conftest.c
conftest.c:12:28: fatal error: ac_nonexistent.h: No such file or directory
 #include <ac_nonexistent.h>
                            ^
compilation terminated.
configure:3862: $? = 1
configure: failed program was:
| /* confdefs.h */
| #define PACKAGE_NAME "alacarte"
| #define PACKAGE_TARNAME "alacarte"
| #define PACKAGE_VERSION "3.7.90"
| #define PACKAGE_STRING "alacarte 3.7.90"
| #define PACKAGE_BUGREPORT "http://bugzilla.gnome.org/enter_bug.cgi?product=alacarte"
| #define PACKAGE_URL ""
| #define PACKAGE "alacarte"
| #define VERSION "3.7.90"
| #define GETTEXT_PACKAGE "alacarte"
| /* end confdefs.h.  */
| #include <ac_nonexistent.h>
configure:3887: result: gcc -E
configure:3907: gcc -E -D_FORTIFY_SOURCE=2 conftest.c
In file included from /usr/include/limits.h:25:0,
                 from /usr/lib/gcc/x86_64-unknown-linux-gnu/4.8.2/include-fixed/limits.h:168,
                 from /usr/lib/gcc/x86_64-unknown-linux-gnu/4.8.2/include-fixed/syslimits.h:7,
                 from /usr/lib/gcc/x86_64-unknown-linux-gnu/4.8.2/include-fixed/limits.h:34,
                 from conftest.c:13:
/usr/include/features.h:327:4: warning: #warning _FORTIFY_SOURCE requires compiling with optimization (-O) [-Wcpp]
 #  warning _FORTIFY_SOURCE requires compiling with optimization (-O)
    ^
configure:3907: $? = 0
configure:3921: gcc -E -D_FORTIFY_SOURCE=2 conftest.c
conftest.c:12:28: fatal error: ac_nonexistent.h: No such file or directory
 #include <ac_nonexistent.h>
                            ^
compilation terminated.
configure:3921: $? = 1
configure: failed program was:
| /* confdefs.h */
| #define PACKAGE_NAME "alacarte"
| #define PACKAGE_TARNAME "alacarte"
| #define PACKAGE_VERSION "3.7.90"
| #define PACKAGE_STRING "alacarte 3.7.90"
| #define PACKAGE_BUGREPORT "http://bugzilla.gnome.org/enter_bug.cgi?product=alacarte"
| #define PACKAGE_URL ""
| #define PACKAGE "alacarte"
| #define VERSION "3.7.90"
| #define GETTEXT_PACKAGE "alacarte"
| /* end confdefs.h.  */
| #include <ac_nonexistent.h>
configure:3950: checking for grep that handles long lines and -e
configure:4008: result: /usr/bin/grep
configure:4013: checking for egrep
configure:4075: result: /usr/bin/grep -E
configure:4080: checking for ANSI C header files
configure:4100: gcc -c -march=x86-64 -mtune=generic -O2 -pipe -fstack-protector --param=ssp-buffer-size=4 -D_FORTIFY_SOURCE=2 conftest.c >&5
configure:4100: $? = 0
In file included from /usr/include/string.h:25:0,
                 from conftest.c:12:
/usr/include/features.h:327:4: warning: #warning _FORTIFY_SOURCE requires compiling with optimization (-O) [-Wcpp]
 #  warning _FORTIFY_SOURCE requires compiling with optimization (-O)
    ^
In file included from /usr/include/stdlib.h:24:0,
                 from conftest.c:12:
/usr/include/features.h:327:4: warning: #warning _FORTIFY_SOURCE requires compiling with optimization (-O) [-Wcpp]
 #  warning _FORTIFY_SOURCE requires compiling with optimization (-O)
    ^
configure:4173: gcc -o conftest -march=x86-64 -mtune=generic -O2 -pipe -fstack-protector --param=ssp-buffer-size=4 -D_FORTIFY_SOURCE=2 -Wl,-O1,--sort-common,--as-needed,-z,relro conftest.c  >&5
configure:4173: $? = 0
configure:4173: ./conftest
configure:4173: $? = 0
configure:4184: result: yes
configure:4197: checking for sys/types.h
configure:4197: gcc -c -march=x86-64 -mtune=generic -O2 -pipe -fstack-protector --param=ssp-buffer-size=4 -D_FORTIFY_SOURCE=2 conftest.c >&5
configure:4197: $? = 0
configure:4197: result: yes
configure:4197: checking for sys/stat.h
configure:4197: gcc -c -march=x86-64 -mtune=generic -O2 -pipe -fstack-protector --param=ssp-buffer-size=4 -D_FORTIFY_SOURCE=2 conftest.c >&5
configure:4197: $? = 0
configure:4197: result: yes
configure:4197: checking for stdlib.h
configure:4197: gcc -c -march=x86-64 -mtune=generic -O2 -pipe -fstack-protector --param=ssp-buffer-size=4 -D_FORTIFY_SOURCE=2 conftest.c >&5
configure:4197: $? = 0
configure:4197: result: yes
configure:4197: checking for string.h
configure:4197: gcc -c -march=x86-64 -mtune=generic -O2 -pipe -fstack-protector --param=ssp-buffer-size=4 -D_FORTIFY_SOURCE=2 conftest.c >&5
configure:4197: $? = 0
configure:4197: result: yes
configure:4197: checking for memory.h
configure:4197: gcc -c -march=x86-64 -mtune=generic -O2 -pipe -fstack-protector --param=ssp-buffer-size=4 -D_FORTIFY_SOURCE=2 conftest.c >&5
configure:4197: $? = 0
configure:4197: result: yes
configure:4197: checking for strings.h
configure:4197: gcc -c -march=x86-64 -mtune=generic -O2 -pipe -fstack-protector --param=ssp-buffer-size=4 -D_FORTIFY_SOURCE=2 conftest.c >&5
configure:4197: $? = 0
configure:4197: result: yes
configure:4197: checking for inttypes.h
configure:4197: gcc -c -march=x86-64 -mtune=generic -O2 -pipe -fstack-protector --param=ssp-buffer-size=4 -D_FORTIFY_SOURCE=2 conftest.c >&5
configure:4197: $? = 0
configure:4197: result: yes
configure:4197: checking for stdint.h
configure:4197: gcc -c -march=x86-64 -mtune=generic -O2 -pipe -fstack-protector --param=ssp-buffer-size=4 -D_FORTIFY_SOURCE=2 conftest.c >&5
configure:4197: $? = 0
configure:4197: result: yes
configure:4197: checking for unistd.h
configure:4197: gcc -c -march=x86-64 -mtune=generic -O2 -pipe -fstack-protector --param=ssp-buffer-size=4 -D_FORTIFY_SOURCE=2 conftest.c >&5
configure:4197: $? = 0
configure:4197: result: yes
configure:4212: checking locale.h usability
configure:4212: gcc -c -march=x86-64 -mtune=generic -O2 -pipe -fstack-protector --param=ssp-buffer-size=4 -D_FORTIFY_SOURCE=2 conftest.c >&5
configure:4212: $? = 0
configure:4212: result: yes
configure:4212: checking locale.h presence
configure:4212: gcc -E -D_FORTIFY_SOURCE=2 conftest.c
In file included from /usr/include/locale.h:25:0,
                 from conftest.c:22:
/usr/include/features.h:327:4: warning: #warning _FORTIFY_SOURCE requires compiling with optimization (-O) [-Wcpp]
 #  warning _FORTIFY_SOURCE requires compiling with optimization (-O)
    ^
configure:4212: $? = 0
configure:4212: result: yes
configure:4212: checking for locale.h
configure:4212: result: yes
configure:4223: checking for LC_MESSAGES
configure:4239: gcc -o conftest -march=x86-64 -mtune=generic -O2 -pipe -fstack-protector --param=ssp-buffer-size=4 -D_FORTIFY_SOURCE=2 -Wl,-O1,--sort-common,--as-needed,-z,relro conftest.c  >&5
configure:4239: $? = 0
configure:4247: result: yes
configure:4264: checking libintl.h usability
configure:4264: gcc -c -march=x86-64 -mtune=generic -O2 -pipe -fstack-protector --param=ssp-buffer-size=4 -D_FORTIFY_SOURCE=2 conftest.c >&5
configure:4264: $? = 0
configure:4264: result: yes
configure:4264: checking libintl.h presence
configure:4264: gcc -E -D_FORTIFY_SOURCE=2 conftest.c
In file included from /usr/include/libintl.h:23:0,
                 from conftest.c:24:
/usr/include/features.h:327:4: warning: #warning _FORTIFY_SOURCE requires compiling with optimization (-O) [-Wcpp]
 #  warning _FORTIFY_SOURCE requires compiling with optimization (-O)
    ^
configure:4264: $? = 0
configure:4264: result: yes
configure:4264: checking for libintl.h
configure:4264: result: yes
configure:4272: checking for ngettext in libc
configure:4290: gcc -o conftest -march=x86-64 -mtune=generic -O2 -pipe -fstack-protector --param=ssp-buffer-size=4 -D_FORTIFY_SOURCE=2 -Wl,-O1,--sort-common,--as-needed,-z,relro conftest.c  >&5
configure:4290: $? = 0
configure:4299: result: yes
configure:4303: checking for dgettext in libc
configure:4321: gcc -o conftest -march=x86-64 -mtune=generic -O2 -pipe -fstack-protector --param=ssp-buffer-size=4 -D_FORTIFY_SOURCE=2 -Wl,-O1,--sort-common,--as-needed,-z,relro conftest.c  >&5
configure:4321: $? = 0
configure:4330: result: yes
configure:4337: checking for bind_textdomain_codeset
configure:4337: gcc -o conftest -march=x86-64 -mtune=generic -O2 -pipe -fstack-protector --param=ssp-buffer-size=4 -D_FORTIFY_SOURCE=2 -Wl,-O1,--sort-common,--as-needed,-z,relro conftest.c  >&5
configure:4337: $? = 0
configure:4337: result: yes
configure:4613: checking for msgfmt
configure:4640: result: /usr/bin/msgfmt
configure:4651: checking for dcgettext
configure:4651: gcc -o conftest -march=x86-64 -mtune=generic -O2 -pipe -fstack-protector --param=ssp-buffer-size=4 -D_FORTIFY_SOURCE=2 -Wl,-O1,--sort-common,--as-needed,-z,relro conftest.c   >&5
conftest.c:49:6: warning: conflicting types for built-in function 'dcgettext' [enabled by default]
 char dcgettext ();
      ^
configure:4651: $? = 0
configure:4651: result: yes
configure:4661: checking if msgfmt accepts -c
configure:4676: $MSGFMT -c -o /dev/null conftest.foo
conftest.foo:3: warning: header field 'Language' missing in header
configure:4679: $? = 0
configure:4681: result: yes
configure:4691: checking for gmsgfmt
configure:4722: result: /usr/bin/msgfmt
configure:4732: checking for xgettext
configure:4759: result: /usr/bin/xgettext
configure:4778: gcc -o conftest -march=x86-64 -mtune=generic -O2 -pipe -fstack-protector --param=ssp-buffer-size=4 -D_FORTIFY_SOURCE=2 -Wl,-O1,--sort-common,--as-needed,-z,relro conftest.c   >&5
configure:4778: $? = 0
configure:4918: checking whether NLS is requested
configure:4927: result: yes
configure:4945: checking for intltool >= 0.40.0
configure:4947: result: 0.50.2 found
configure:4955: checking for intltool-update
configure:4973: found /usr/bin/intltool-update
configure:4985: result: /usr/bin/intltool-update
configure:4995: checking for intltool-merge
configure:5013: found /usr/bin/intltool-merge
configure:5025: result: /usr/bin/intltool-merge
configure:5035: checking for intltool-extract
configure:5053: found /usr/bin/intltool-extract
configure:5065: result: /usr/bin/intltool-extract
configure:5219: checking for xgettext
configure:5249: result: /usr/bin/xgettext
configure:5259: checking for msgmerge
configure:5277: found /usr/bin/msgmerge
configure:5289: result: /usr/bin/msgmerge
configure:5299: checking for msgfmt
configure:5329: result: /usr/bin/msgfmt
configure:5339: checking for gmsgfmt
configure:5370: result: /usr/bin/msgfmt
configure:5390: checking for perl
configure:5408: found /usr/bin/perl
configure:5420: result: /usr/bin/perl
configure:5431: checking for perl >= 5.8.1
configure:5438: result: 5.18.1
configure:5442: checking for XML::Parser
configure:5445: result: ok
configure:5506: checking for python2.7
configure:5524: found /usr/bin/python2.7
configure:5536: result: /usr/bin/python2.7
configure:5554: checking whether /usr/bin/python2.7 version is >= 2.7.0
configure:5565: /usr/bin/python2.7 -c import sys # split strings by '.' and convert to numeric. Append some zeros # because we need at least 4 digits for the hex conversion. # map returns an iterator in Python 3.0 and a list in 2.x minver = list(map(int, '2.7.0'.split('.'))) + [0, 0, 0] minverhex = 0 # xrange is not present in Python 3.0 and range returns an iterator for i in list(range(0, 4)): minverhex = (minverhex << 8) + minver[i] sys.exit(sys.hexversion < minverhex)
configure:5568: $? = 0
configure:5570: result: yes
configure:6071: checking for  version
configure:6078: result: 2.7
configure:6090: checking for  platform
configure:6097: result: linux2
configure:6104: checking for  script directory
configure:6112: result: ${prefix}/lib/python2.7/site-packages
configure:6121: checking for  extension module directory
configure:6129: result: ${exec_prefix}/lib/python2.7/site-packages
configure:6196: checking for pkg-config
configure:6214: found /usr/bin/pkg-config
configure:6226: result: /usr/bin/pkg-config
configure:6251: checking pkg-config is at least version 0.9.0
configure:6254: result: yes
configure:6264: checking for ALACARTE
configure:6271: $PKG_CONFIG --exists --print-errors "libgnome-menu-3.0 >= 3.5.3 pygobject-3.0"
configure:6274: $? = 0
configure:6288: $PKG_CONFIG --exists --print-errors "libgnome-menu-3.0 >= 3.5.3 pygobject-3.0"
configure:6291: $? = 0
configure:6349: result: yes
configure:6466: checking that generated files are newer than configure
configure:6472: result: done
configure:6503: creating ./config.status

## ---------------------- ##
## Running config.status. ##
## ---------------------- ##

This file was extended by alacarte config.status 3.7.90, which was
generated by GNU Autoconf 2.69.  Invocation command line was

  CONFIG_FILES    = 
  CONFIG_HEADERS  = 
  CONFIG_LINKS    = 
  CONFIG_COMMANDS = 
  $ ./config.status 

on mauretania

config.status:956: creating Makefile
config.status:956: creating po/Makefile.in
config.status:956: creating Alacarte/Makefile
config.status:956: creating data/alacarte.desktop.in
config.status:956: creating data/Makefile
config.status:956: creating data/icons/Makefile
config.status:956: creating config.h
config.status:1137: config.h is unchanged
config.status:1185: executing depfiles commands
config.status:1185: executing default-1 commands
config.status:1185: executing po/stamp-it commands

## ---------------- ##
## Cache variables. ##
## ---------------- ##

ac_cv_c_compiler_gnu=yes
ac_cv_env_ALACARTE_CFLAGS_set=
ac_cv_env_ALACARTE_CFLAGS_value=
ac_cv_env_ALACARTE_LIBS_set=
ac_cv_env_ALACARTE_LIBS_value=
ac_cv_env_CC_set=
ac_cv_env_CC_value=
ac_cv_env_CFLAGS_set=set
ac_cv_env_CFLAGS_value='-march=x86-64 -mtune=generic -O2 -pipe -fstack-protector --param=ssp-buffer-size=4'
ac_cv_env_CPPFLAGS_set=set
ac_cv_env_CPPFLAGS_value=-D_FORTIFY_SOURCE=2
ac_cv_env_CPP_set=
ac_cv_env_CPP_value=
ac_cv_env_LDFLAGS_set=set
ac_cv_env_LDFLAGS_value=-Wl,-O1,--sort-common,--as-needed,-z,relro
ac_cv_env_LIBS_set=
ac_cv_env_LIBS_value=
ac_cv_env_PKG_CONFIG_LIBDIR_set=
ac_cv_env_PKG_CONFIG_LIBDIR_value=
ac_cv_env_PKG_CONFIG_PATH_set=
ac_cv_env_PKG_CONFIG_PATH_value=
ac_cv_env_PKG_CONFIG_set=
ac_cv_env_PKG_CONFIG_value=
ac_cv_env_build_alias_set=
ac_cv_env_build_alias_value=
ac_cv_env_host_alias_set=
ac_cv_env_host_alias_value=
ac_cv_env_target_alias_set=
ac_cv_env_target_alias_value=
ac_cv_func_bind_textdomain_codeset=yes
ac_cv_func_dcgettext=yes
ac_cv_header_inttypes_h=yes
ac_cv_header_libintl_h=yes
ac_cv_header_locale_h=yes
ac_cv_header_memory_h=yes
ac_cv_header_stdc=yes
ac_cv_header_stdint_h=yes
ac_cv_header_stdlib_h=yes
ac_cv_header_string_h=yes
ac_cv_header_strings_h=yes
ac_cv_header_sys_stat_h=yes
ac_cv_header_sys_types_h=yes
ac_cv_header_unistd_h=yes
ac_cv_objext=o
ac_cv_path_EGREP='/usr/bin/grep -E'
ac_cv_path_GMSGFMT=/usr/bin/msgfmt
ac_cv_path_GREP=/usr/bin/grep
ac_cv_path_INTLTOOL_EXTRACT=/usr/bin/intltool-extract
ac_cv_path_INTLTOOL_MERGE=/usr/bin/intltool-merge
ac_cv_path_INTLTOOL_PERL=/usr/bin/perl
ac_cv_path_INTLTOOL_UPDATE=/usr/bin/intltool-update
ac_cv_path_MSGFMT=/usr/bin/msgfmt
ac_cv_path_MSGMERGE=/usr/bin/msgmerge
ac_cv_path_PYTHON2_7=/usr/bin/python2.7
ac_cv_path_XGETTEXT=/usr/bin/xgettext
ac_cv_path_ac_pt_PKG_CONFIG=/usr/bin/pkg-config
ac_cv_path_install='/usr/bin/install -c'
ac_cv_path_mkdir=/usr/bin/mkdir
ac_cv_prog_AWK=gawk
ac_cv_prog_CPP='gcc -E'
ac_cv_prog_ac_ct_CC=gcc
ac_cv_prog_cc_c89=
ac_cv_prog_cc_g=yes
ac_cv_prog_make_make_set=yes
am_cv_CC_dependencies_compiler_type=none
am_cv_make_support_nested_variables=yes
am_cv_python_platform=linux2
am_cv_python_pyexecdir='${exec_prefix}/lib/python2.7/site-packages'
am_cv_python_pythondir='${prefix}/lib/python2.7/site-packages'
am_cv_python_version=2.7
am_cv_val_LC_MESSAGES=yes
gt_cv_func_dgettext_libc=yes
gt_cv_func_dgettext_libintl=no
gt_cv_func_ngettext_libc=yes
gt_cv_have_gettext=yes
pkg_cv_ALACARTE_CFLAGS='-pthread -I/usr/include/gnome-menus-3.0 -I/usr/include/gio-unix-2.0/ -I/usr/include/pygobject-3.0 -I/usr/lib/libffi-3.0.13/include -I/usr/include/glib-2.0 -I/usr/lib/glib-2.0/include '
pkg_cv_ALACARTE_LIBS='-lgnome-menu-3 -lgio-2.0 -lgobject-2.0 -lglib-2.0 '

## ----------------- ##
## Output variables. ##
## ----------------- ##

ACLOCAL='${SHELL} /home/plp/Documents/Development/AUR/aur-alacarte-xfce/src/alacarte-3.7.90/missing aclocal-1.13 '
ALACARTE_CFLAGS='-pthread -I/usr/include/gnome-menus-3.0 -I/usr/include/gio-unix-2.0/ -I/usr/include/pygobject-3.0 -I/usr/lib/libffi-3.0.13/include -I/usr/include/glib-2.0 -I/usr/lib/glib-2.0/include '
ALACARTE_LIBS='-lgnome-menu-3 -lgio-2.0 -lgobject-2.0 -lglib-2.0 '
ALL_LINGUAS=''
AMDEPBACKSLASH='\'
AMDEP_FALSE='#'
AMDEP_TRUE=''
AMTAR='$${TAR-tar}'
AM_BACKSLASH='\'
AM_DEFAULT_V='$(AM_DEFAULT_VERBOSITY)'
AM_DEFAULT_VERBOSITY='0'
AM_V='$(V)'
AUTOCONF='${SHELL} /home/plp/Documents/Development/AUR/aur-alacarte-xfce/src/alacarte-3.7.90/missing autoconf'
AUTOHEADER='${SHELL} /home/plp/Documents/Development/AUR/aur-alacarte-xfce/src/alacarte-3.7.90/missing autoheader'
AUTOMAKE='${SHELL} /home/plp/Documents/Development/AUR/aur-alacarte-xfce/src/alacarte-3.7.90/missing automake-1.13'
AWK='gawk'
CATALOGS=''
CATOBJEXT='.gmo'
CC='gcc'
CCDEPMODE='depmode=none'
CFLAGS='-march=x86-64 -mtune=generic -O2 -pipe -fstack-protector --param=ssp-buffer-size=4'
CPP='gcc -E'
CPPFLAGS='-D_FORTIFY_SOURCE=2'
CYGPATH_W='echo'
DATADIRNAME='share'
DEFS='-DHAVE_CONFIG_H'
DEPDIR='.deps'
ECHO_C=''
ECHO_N='-n'
ECHO_T=''
EGREP='/usr/bin/grep -E'
EXEEXT=''
GETTEXT_PACKAGE='alacarte'
GMOFILES=''
GMSGFMT='/usr/bin/msgfmt'
GREP='/usr/bin/grep'
INSTALL_DATA='${INSTALL} -m 644'
INSTALL_PROGRAM='${INSTALL}'
INSTALL_SCRIPT='${INSTALL}'
INSTALL_STRIP_PROGRAM='$(install_sh) -c -s'
INSTOBJEXT='.mo'
INTLLIBS=''
INTLTOOL_CAVES_RULE='%.caves:     %.caves.in     $(INTLTOOL_MERGE) $(wildcard $(top_srcdir)/po/*.po) ; $(INTLTOOL_V_MERGE)LC_ALL=C $(INTLTOOL_MERGE) $(INTLTOOL_V_MERGE_OPTIONS) -d -u -c $(top_builddir)/po/.intltool-merge-cache $(top_srcdir)/po $< $@'
INTLTOOL_DESKTOP_RULE='%.desktop:   %.desktop.in   $(INTLTOOL_MERGE) $(wildcard $(top_srcdir)/po/*.po) ; $(INTLTOOL_V_MERGE)LC_ALL=C $(INTLTOOL_MERGE) $(INTLTOOL_V_MERGE_OPTIONS) -d -u -c $(top_builddir)/po/.intltool-merge-cache $(top_srcdir)/po $< $@'
INTLTOOL_DIRECTORY_RULE='%.directory: %.directory.in $(INTLTOOL_MERGE) $(wildcard $(top_srcdir)/po/*.po) ; $(INTLTOOL_V_MERGE)LC_ALL=C $(INTLTOOL_MERGE) $(INTLTOOL_V_MERGE_OPTIONS) -d -u -c $(top_builddir)/po/.intltool-merge-cache $(top_srcdir)/po $< $@'
INTLTOOL_EXTRACT='/usr/bin/intltool-extract'
INTLTOOL_KBD_RULE='%.kbd:       %.kbd.in       $(INTLTOOL_MERGE) $(wildcard $(top_srcdir)/po/*.po) ; $(INTLTOOL_V_MERGE)LC_ALL=C $(INTLTOOL_MERGE) $(INTLTOOL_V_MERGE_OPTIONS) -x -u -m -c $(top_builddir)/po/.intltool-merge-cache $(top_srcdir)/po $< $@'
INTLTOOL_KEYS_RULE='%.keys:      %.keys.in      $(INTLTOOL_MERGE) $(wildcard $(top_srcdir)/po/*.po) ; $(INTLTOOL_V_MERGE)LC_ALL=C $(INTLTOOL_MERGE) $(INTLTOOL_V_MERGE_OPTIONS) -k -u -c $(top_builddir)/po/.intltool-merge-cache $(top_srcdir)/po $< $@'
INTLTOOL_MERGE='/usr/bin/intltool-merge'
INTLTOOL_OAF_RULE='%.oaf:       %.oaf.in       $(INTLTOOL_MERGE) $(wildcard $(top_srcdir)/po/*.po) ; $(INTLTOOL_V_MERGE)LC_ALL=C $(INTLTOOL_MERGE) $(INTLTOOL_V_MERGE_OPTIONS) -o -p $(top_srcdir)/po $< $@'
INTLTOOL_PERL='/usr/bin/perl'
INTLTOOL_POLICY_RULE='%.policy:    %.policy.in    $(INTLTOOL_MERGE) $(wildcard $(top_srcdir)/po/*.po) ; $(INTLTOOL_V_MERGE)LC_ALL=C $(INTLTOOL_MERGE) $(INTLTOOL_V_MERGE_OPTIONS) -x -u -c $(top_builddir)/po/.intltool-merge-cache $(top_srcdir)/po $< $@'
INTLTOOL_PONG_RULE='%.pong:      %.pong.in      $(INTLTOOL_MERGE) $(wildcard $(top_srcdir)/po/*.po) ; $(INTLTOOL_V_MERGE)LC_ALL=C $(INTLTOOL_MERGE) $(INTLTOOL_V_MERGE_OPTIONS) -x -u -c $(top_builddir)/po/.intltool-merge-cache $(top_srcdir)/po $< $@'
INTLTOOL_PROP_RULE='%.prop:      %.prop.in      $(INTLTOOL_MERGE) $(wildcard $(top_srcdir)/po/*.po) ; $(INTLTOOL_V_MERGE)LC_ALL=C $(INTLTOOL_MERGE) $(INTLTOOL_V_MERGE_OPTIONS) -d -u -c $(top_builddir)/po/.intltool-merge-cache $(top_srcdir)/po $< $@'
INTLTOOL_SCHEMAS_RULE='%.schemas:   %.schemas.in   $(INTLTOOL_MERGE) $(wildcard $(top_srcdir)/po/*.po) ; $(INTLTOOL_V_MERGE)LC_ALL=C $(INTLTOOL_MERGE) $(INTLTOOL_V_MERGE_OPTIONS) -s -u -c $(top_builddir)/po/.intltool-merge-cache $(top_srcdir)/po $< $@'
INTLTOOL_SERVER_RULE='%.server:    %.server.in    $(INTLTOOL_MERGE) $(wildcard $(top_srcdir)/po/*.po) ; $(INTLTOOL_V_MERGE)LC_ALL=C $(INTLTOOL_MERGE) $(INTLTOOL_V_MERGE_OPTIONS) -o -u -c $(top_builddir)/po/.intltool-merge-cache $(top_srcdir)/po $< $@'
INTLTOOL_SERVICE_RULE='%.service: %.service.in   $(INTLTOOL_MERGE) $(wildcard $(top_srcdir)/po/*.po) ; $(INTLTOOL_V_MERGE)LC_ALL=C $(INTLTOOL_MERGE) $(INTLTOOL_V_MERGE_OPTIONS) -d -u -c $(top_builddir)/po/.intltool-merge-cache $(top_srcdir)/po $< $@'
INTLTOOL_SHEET_RULE='%.sheet:     %.sheet.in     $(INTLTOOL_MERGE) $(wildcard $(top_srcdir)/po/*.po) ; $(INTLTOOL_V_MERGE)LC_ALL=C $(INTLTOOL_MERGE) $(INTLTOOL_V_MERGE_OPTIONS) -x -u -c $(top_builddir)/po/.intltool-merge-cache $(top_srcdir)/po $< $@'
INTLTOOL_SOUNDLIST_RULE='%.soundlist: %.soundlist.in $(INTLTOOL_MERGE) $(wildcard $(top_srcdir)/po/*.po) ; $(INTLTOOL_V_MERGE)LC_ALL=C $(INTLTOOL_MERGE) $(INTLTOOL_V_MERGE_OPTIONS) -d -u -c $(top_builddir)/po/.intltool-merge-cache $(top_srcdir)/po $< $@'
INTLTOOL_THEME_RULE='%.theme:     %.theme.in     $(INTLTOOL_MERGE) $(wildcard $(top_srcdir)/po/*.po) ; $(INTLTOOL_V_MERGE)LC_ALL=C $(INTLTOOL_MERGE) $(INTLTOOL_V_MERGE_OPTIONS) -d -u -c $(top_builddir)/po/.intltool-merge-cache $(top_srcdir)/po $< $@'
INTLTOOL_UI_RULE='%.ui:        %.ui.in        $(INTLTOOL_MERGE) $(wildcard $(top_srcdir)/po/*.po) ; $(INTLTOOL_V_MERGE)LC_ALL=C $(INTLTOOL_MERGE) $(INTLTOOL_V_MERGE_OPTIONS) -x -u -c $(top_builddir)/po/.intltool-merge-cache $(top_srcdir)/po $< $@'
INTLTOOL_UPDATE='/usr/bin/intltool-update'
INTLTOOL_V_MERGE='$(INTLTOOL__v_MERGE_$(V))'
INTLTOOL_V_MERGE_OPTIONS='$(intltool__v_merge_options_$(V))'
INTLTOOL_XAM_RULE='%.xam:       %.xml.in       $(INTLTOOL_MERGE) $(wildcard $(top_srcdir)/po/*.po) ; $(INTLTOOL_V_MERGE)LC_ALL=C $(INTLTOOL_MERGE) $(INTLTOOL_V_MERGE_OPTIONS) -x -u -c $(top_builddir)/po/.intltool-merge-cache $(top_srcdir)/po $< $@'
INTLTOOL_XML_NOMERGE_RULE='%.xml:       %.xml.in       $(INTLTOOL_MERGE) ; $(INTLTOOL_V_MERGE)LC_ALL=C $(INTLTOOL_MERGE) $(INTLTOOL_V_MERGE_OPTIONS) -x -u --no-translations $< $@'
INTLTOOL_XML_RULE='%.xml:       %.xml.in       $(INTLTOOL_MERGE) $(wildcard $(top_srcdir)/po/*.po) ; $(INTLTOOL_V_MERGE)LC_ALL=C $(INTLTOOL_MERGE) $(INTLTOOL_V_MERGE_OPTIONS) -x -u -c $(top_builddir)/po/.intltool-merge-cache $(top_srcdir)/po $< $@'
INTLTOOL__v_MERGE_0='@echo "  ITMRG " $@;'
INTLTOOL__v_MERGE_='$(INTLTOOL__v_MERGE_$(AM_DEFAULT_VERBOSITY))'
LDFLAGS='-Wl,-O1,--sort-common,--as-needed,-z,relro'
LIBOBJS=''
LIBS=''
LTLIBOBJS=''
MAINT='#'
MAINTAINER_MODE_FALSE=''
MAINTAINER_MODE_TRUE='#'
MAKEINFO='${SHELL} /home/plp/Documents/Development/AUR/aur-alacarte-xfce/src/alacarte-3.7.90/missing makeinfo'
MKDIR_P='/usr/bin/mkdir -p'
MKINSTALLDIRS='./mkinstalldirs'
MSGFMT='/usr/bin/msgfmt'
MSGFMT_OPTS='-c'
MSGMERGE='/usr/bin/msgmerge'
OBJEXT='o'
PACKAGE='alacarte'
PACKAGE_BUGREPORT='http://bugzilla.gnome.org/enter_bug.cgi?product=alacarte'
PACKAGE_NAME='alacarte'
PACKAGE_STRING='alacarte 3.7.90'
PACKAGE_TARNAME='alacarte'
PACKAGE_URL=''
PACKAGE_VERSION='3.7.90'
PATH_SEPARATOR=':'
PKG_CONFIG='/usr/bin/pkg-config'
PKG_CONFIG_LIBDIR=''
PKG_CONFIG_PATH=''
POFILES=''
POSUB='po'
PO_IN_DATADIR_FALSE=''
PO_IN_DATADIR_TRUE=''
PYTHON2_4=''
PYTHON2_5=''
PYTHON2_6=''
PYTHON2_7='/usr/bin/python2.7'
PYTHON='/usr/bin/python2.7'
PYTHON_EXEC_PREFIX='${exec_prefix}'
PYTHON_PLATFORM='linux2'
PYTHON_PREFIX='${prefix}'
PYTHON_VERSION='2.7'
SET_MAKE=''
SHELL='/bin/sh'
STRIP=''
USE_NLS='yes'
VERSION='3.7.90'
XGETTEXT='/usr/bin/xgettext'
ac_ct_CC='gcc'
am__EXEEXT_FALSE=''
am__EXEEXT_TRUE='#'
am__fastdepCC_FALSE=''
am__fastdepCC_TRUE='#'
am__include='include'
am__isrc=''
am__leading_dot='.'
am__nodep='_no'
am__quote=''
am__tar='$${TAR-tar} chof - "$$tardir"'
am__untar='$${TAR-tar} xf -'
bindir='${exec_prefix}/bin'
build_alias=''
datadir='${datarootdir}'
datarootdir='${prefix}/share'
docdir='${datarootdir}/doc/${PACKAGE_TARNAME}'
dvidir='${docdir}'
exec_prefix='${prefix}'
host_alias=''
htmldir='${docdir}'
includedir='${prefix}/include'
infodir='${datarootdir}/info'
install_sh='${SHELL} /home/plp/Documents/Development/AUR/aur-alacarte-xfce/src/alacarte-3.7.90/install-sh'
intltool__v_merge_options_0='-q'
intltool__v_merge_options_='$(intltool__v_merge_options_$(AM_DEFAULT_VERBOSITY))'
libdir='${exec_prefix}/lib'
libexecdir='${exec_prefix}/libexec'
localedir='${datarootdir}/locale'
localstatedir='/var'
mandir='${datarootdir}/man'
mkdir_p='$(MKDIR_P)'
oldincludedir='/usr/include'
pdfdir='${docdir}'
pkgpyexecdir='${pyexecdir}/alacarte'
pkgpythondir='${pythondir}/alacarte'
prefix='/usr'
program_transform_name='s,x,x,'
psdir='${docdir}'
pyexecdir='${exec_prefix}/lib/python2.7/site-packages'
pythondir='${prefix}/lib/python2.7/site-packages'
sbindir='${exec_prefix}/sbin'
sharedstatedir='${prefix}/com'
sysconfdir='/etc'
target_alias=''

## ----------- ##
## confdefs.h. ##
## ----------- ##

/* confdefs.h */
#define PACKAGE_NAME "alacarte"
#define PACKAGE_TARNAME "alacarte"
#define PACKAGE_VERSION "3.7.90"
#define PACKAGE_STRING "alacarte 3.7.90"
#define PACKAGE_BUGREPORT "http://bugzilla.gnome.org/enter_bug.cgi?product=alacarte"
#define PACKAGE_URL ""
#define PACKAGE "alacarte"
#define VERSION "3.7.90"
#define GETTEXT_PACKAGE "alacarte"
#define STDC_HEADERS 1
#define HAVE_SYS_TYPES_H 1
#define HAVE_SYS_STAT_H 1
#define HAVE_STDLIB_H 1
#define HAVE_STRING_H 1
#define HAVE_MEMORY_H 1
#define HAVE_STRINGS_H 1
#define HAVE_INTTYPES_H 1
#define HAVE_STDINT_H 1
#define HAVE_UNISTD_H 1
#define HAVE_LOCALE_H 1
#define HAVE_LC_MESSAGES 1
#define HAVE_BIND_TEXTDOMAIN_CODESET 1
#define HAVE_GETTEXT 1
#define HAVE_DCGETTEXT 1
#define ENABLE_NLS 1

configure: exit 0
